<?xml version="1.0" standalone="no"?>


<Project>
	<Tasks>
		<Task Name="Test 18" ActualStart="03/29/2002 9:00:00" ActualFinish="03/29/2002 17:00:00" PSObjectId="o2k00380000trwe7mlbg000000"/>
	</Tasks>
	<ResourcePool/>
	<Problems>
		<Problem Type="ON_DATE_DESCR" PSObjectId="o2k00380000trwe7mlbg000000">
			<Recommendation Type="WORK_DUR_CHANGE"/>
			<Recommendation Type="DEP_ON_FIRST_WORK"/>
		</Problem>
	</Problems>	
</Project>