<?xml version="1.0" standalone="no"?>


<Project>
	<Tasks>
		<Task Name="Test 22" Duration="4800" Finish="04/22/2002  17:00:00"   PSObjectId="o2k00300000ecls6a5gg000000">
			<Task Name="CP1" Duration="4800" Start="04/05/2002  09:00:00" PSObjectId="o2k00300000ecls6jmfg000000"/>
		</Task>
	</Tasks>
	<Problems>
		<Problem Type="PARENT_CHILD_DESCR" PSObjectId="o2k00300000ecls6a5gg000000">
			<Recommendation Type="PARENT_CHILD_DUR_REMOVE"/>
			<Recommendation Type="PARENT_CHILD_ADJUST"/>
		</Problem>
	</Problems>	
</Project>
