<?xml version="1.0" standalone="no"?>


<Project>
	<Tasks>
		<Task Name="Test 33" Start="04/10/2002 09:00:00" Duration="5760"  PSObjectId="o2k00300000ecls6a5gg000000">
			<Task Name="CP1" ActualStart="04/05/2002 09:00:00" Duration="4800" PSObjectId="o2k00300000ecls6jmfg000000"/>
			<Task Name="CP2" Start="04/02/2002 09:00:00" Duration="4800" PSObjectId="o2k00300000ecls6jmff000000"/>
		</Task>
	</Tasks>
	<Problems>
		<Problem Type="PARENT_CHILD_DESCR" PSObjectId="o2k00300000ecls6a5gg000000">
			<Recommendation Type="CHILD_PARENT_REMOVE"/>
			<Recommendation Type="PARENT_STATUS"/>
			<Recommendation Type="PARENT_CHILD_EARLIEST"/>
			<Recommendation Type="PARENT_CHILD_ADJUST"/>
		</Problem>
	</Problems>	
</Project>
