<?xml version="1.0" standalone="no"?>


<Project>
	<Tasks>
		<Task Name="Test 25" Start="04/10/2002 09:00:00" Finish="04/22/2002 17:00:00"   PSObjectId="o2k00300000ecls6a5gg000000">
			<Task Name="CP1" ActualStart="04/05/2002  09:00:00" ActualFinish="04/17/2002  17:00:00" PSObjectId="o2k00300000ecls6jmfg000000"/>
		</Task>
	</Tasks>
</Project>
