<?xml version="1.0" standalone="no"?>


<Project>
	<Tasks>
		<Task Name="Test 23" Duration="4800" Finish="04/22/2002  17:00:00"   PSObjectId="o2k00300000ecls6a5gg000000">
			<Task Name="CP1" Duration="4800" Start="04/05/2002  09:00:00" PSObjectId="o2k00300000ecls6jmfg000000"/>
		</Task>
	</Tasks>
</Project>
