<?xml version="1.0" standalone="no"?>


<Project>
	<Tasks>
		<Task Name="Test 32" Start="04/10/2002 09:00:00" Duration="4800"  PSObjectId="o2k00300000ecls6a5gg000000">
			<Task Name="CP1" Start="04/08/2002 09:00:00" Duration="5760" PSObjectId="o2k00300000ecls6jmfg000000"/>
		</Task>
	</Tasks>
	<Problems>
		<Problem Type="PARENT_CHILD_DESCR" PSObjectId="o2k00300000ecls6a5gg000000">
			<Recommendation Type="PARENT_CHILD_EARLIEST"/>
			<Recommendation Type="PARENT_CHILD_ADJUST"/>
		</Problem>
		<Problem Type="PARENT_CHILD_DUR_DESCR" PSObjectId="o2k00300000ecls6a5gg000000">
			<Recommendation Type="PARENT_CHILD_DUR_REMOVE"/>
		</Problem>
	</Problems>	
</Project>
