<?xml version="1.0" standalone="no"?>


<Project>
	<Tasks>
		<Task Name="Test 6" PSObjectId="o2k00380000ecdtkcq0g000000" Duration="4320">
			<Task Name="CP1" Duration="3360" PSObjectId="o2k00380000ecdtkntc0000000">
	                        <Relation PSObjectId="o2k00380000ecdtl8j8g000000" Type="Finish-Start"/>
                        </Task>
			<Task ActualStart="01/23/2001 09:00:00" ActualFinish="01/26/2001 17:00:00" Name="CP2" ActualDuration="1920" PSObjectId="o2k00380000ecdtl8j8g000000"/>
		</Task>
	</Tasks>
	<ResourcePool/>
</Project>