<?xml version="1.0" standalone="no"?>


<Project>
	<Tasks>
		<Task Name="Test 18" Start="12/13/2001  09:00:00" Finish="03/27/2002 17:00:00" ActualStart="03/29/2002 9:00:00" PSObjectId="o2k00380000trwe7mlbg000000"/>
	</Tasks>
	<ResourcePool/>
</Project>