<?xml version="1.0" standalone="no"?>
<Project>
	<Tasks>
		<Task ActualStart="01/16/2001 09:00:00" ActualFinish="02/02/2001 17:00:00" ActualDuration="6720" Name="Test16" PSObjectId="o2k00300000ecmu6impg000000">
		</Task>
	</Tasks>
	<ResourcePool/>
</Project>