<?xml version="1.0" standalone="no"?>

<Project>
	<Tasks>
		<Task Name="Test One" ActualStart="01/16/2001 09:00:00" ActualFinish="01/22/2001 17:00:00" PercentComplete="100.0" PSObjectId="o2k00300000ecls6a5gg000000">
			<Task Name="CP1" ActualStart="01/16/2001 09:00:00" ActualFinish="01/16/2001 17:00:00" PercentComplete="100.0" PSObjectId="o2k00300000ecls6jmfg000000"/>
			<Task Name="CP4" ActualStart="01/16/2001 09:00:00" ActualFinish="01/22/2001 17:00:00" PercentComplete="100.0" PSObjectId="o2k00300000ecls7phe0000000"/>
			<Task Name="CP2" ActualStart="01/16/2001 09:00:00" ActualFinish="01/16/2001 17:00:00" PercentComplete="100.0" PSObjectId="o2k00300000ecls6qk1g000000"/>
			<Task Name="CP3" ActualStart="01/16/2001 09:00:00" ActualFinish="01/16/2001 15:00:00" PercentComplete="100.0" PSObjectId="o2k00300000ecls7c8og000000"/>
		</Task>
	</Tasks>
	<ResourcePool/>
</Project>
