<?xml version="1.0" standalone="no"?>


<Project>
	<Tasks>
		<Task Name="Test One" PSObjectId="o2k00300000ecls6a5gg000000">
			<Task Name="CP1" PSObjectId="o2k00300000ecls6jmfg000000"/>
			<Task Duration="2400" Name="CP4" PSObjectId="o2k00300000ecls7phe0000000"/>
			<Task Name="CP2" PSObjectId="o2k00300000ecls6qk1g000000"/>
			<Task Duration="360" Name="CP3" PSObjectId="o2k00300000ecls7c8og000000"/>
		</Task>
	</Tasks>
	<ResourcePool/>
</Project>