<?xml version="1.0" standalone="no"?>


<Project>
	<Tasks>
		<Task ActualStart="01/16/2001 09:00:00" ActualFinish="01/23/2001 12:00:00" PercentComplete="100.0" Name="Test4" PSObjectId="o2k00300000ecltjqb00000000">
			<Task ActualStart="01/16/2001 09:00:00" ActualFinish="01/19/2001 12:00:00" PercentComplete="100.0" Name="CP4" PSObjectId="o2k00300000ecltmpf20000000">
				<Relation PSObjectId="o2k00300000ecltlge7g000000" Type="Finish-Start"/>
			</Task>
			<Task ActualStart="01/19/2001 09:00:00" ActualFinish="01/22/2001 11:00:00" PercentComplete="100.0" Name="CP2" PSObjectId="o2k00300000ecltktpj0000000">
				<Relation PSObjectId="o2k00300000ecltlge7g000000" Type="Finish-Finish"/>
			</Task>
			<Task ActualStart="01/16/2001 09:00:00" ActualFinish="01/18/2001 17:00:00" PercentComplete="100.0" Name="CP1" PSObjectId="o2k00300000ecltkbl7g000000">
				<Relation PSObjectId="o2k00300000ecltktpj0000000" Type="Finish-Start"/>
			</Task>
			<Task ActualStart="01/19/2001 12:00:00" ActualFinish="01/23/2001 12:00:00" PercentComplete="100.0" Name="CP3" PSObjectId="o2k00300000ecltlge7g000000"/>
		</Task>
	</Tasks>
	<ResourcePool/>
</Project>