<?xml version="1.0" standalone="no"?>


<Project>
	<Tasks>
		<Task Name="Test4" PSObjectId="o2k00300000ecltjqb00000000">
			<Task Duration="1620" Name="CP4" PSObjectId="o2k00300000ecltmpf20000000">
				<Relation PSObjectId="o2k00300000ecltlge7g000000" Type="Finish-Start"/>
			</Task>
			<Task Duration="600" Name="CP2" PSObjectId="o2k00300000ecltktpj0000000">
				<Relation PSObjectId="o2k00300000ecltlge7g000000" Type="Finish-Finish"/>
			</Task>
			<Task Duration="1440" Name="CP1" PSObjectId="o2k00300000ecltkbl7g000000">
				<Relation PSObjectId="o2k00300000ecltktpj0000000" Type="Finish-Start"/>
			</Task>
			<Task Name="CP3" Duration="960" PSObjectId="o2k00300000ecltlge7g000000"/>
		</Task>
	</Tasks>
	<ResourcePool/>
</Project>