<?xml version="1.0" standalone="no"?>


<Project>
	<Tasks>
		<Task ActualStart="01/17/2001 09:00:00" ActualFinish="01/24/2001 17:00:00"  Name="Test 8" PercentComplete="100.0" PSObjectId="o2k00380000ecdt6mmkg000000">
			<Task ActualStart="01/17/2001 09:00:00" ActualFinish="01/17/2001 17:00:00"  Name="CP1" PercentComplete="100.0" PSObjectId="o2k00380000ecdt713jg000000"/>
			<Task ActualStart="01/19/2001 09:00:00" ActualFinish="01/24/2001 17:00:00"  Name="CP2" PercentComplete="100.0" PSObjectId="o2k00380000ecdt7dn5g000000"/>
			<Task ActualStart="01/18/2001 09:00:00" ActualFinish="01/18/2001 17:00:00"  Name="CP3" PercentComplete="100.0" PSObjectId="o2k00380000ecdt7mlbg000000"/>
		</Task>
	</Tasks>
	<ResourcePool/>
	<Problems>
		<Problem Type="DEPENDENCY_DESCR" PSObjectId="o2k00380000ecdt7mlbg000000">
			<Recommendation Type="DEP_ON_SECOND_WORK"/>
			<Recommendation Type="DEP_ON_BOTH_WORKS"/>
		</Problem>
	</Problems>	
</Project>
