<?xml version="1.0" standalone="no"?>


<Project>
	<Tasks>
		<Task Name="Test 31" Duration="4800"  PSObjectId="o2k00300000ecls6a5gg000000">
			<Task Name="CP1" Duration="5760" PSObjectId="o2k00300000ecls6jmfg000000"/>
		</Task>
	</Tasks>
</Project>
