<?xml version="1.0" standalone="no"?>


<Project>
	<Tasks>
		<Task ActualStart="01/16/2001 09:00:00" ActualFinish="01/19/2001 17:00:00" PercentComplete="100.0" Name="Test7" PSObjectId="o2k00300000eclucmcb0000000">
			<Task ActualStart="01/19/2001 09:00:00" ActualFinish="01/19/2001 17:00:00" PercentComplete="100.0" Name="CP2" PSObjectId="o2k00300000eclue5log000000"/>
			<Task ActualStart="01/18/2001 09:00:00" ActualFinish="01/18/2001 17:00:00" PercentComplete="100.0" Name="CP4" PSObjectId="o2k00300000ecluem9k0000000">
				<Relation PSObjectId="o2k00300000eclue5log000000" Type="Finish-Start"/>
			</Task>
			<Task ActualStart="01/16/2001 09:00:00" ActualFinish="01/16/2001 17:00:00" PercentComplete="100.0"  Name="CP1" PSObjectId="o2k00300000eclud2pag000000">
				<Relation PSObjectId="o2k00300000ecluefhm0000000" Type="Finish-Start"/>
			</Task>
			<Task ActualStart="01/17/2001 09:00:00" ActualFinish="01/17/2001 17:00:00" PercentComplete="100.0" Name="CP3" PSObjectId="o2k00300000ecluefhm0000000">
				<Relation PSObjectId="o2k00300000ecluem9k0000000" Type="Finish-Start"/>
			</Task>
		</Task>
	</Tasks>
	<ResourcePool/>
</Project>