<?xml version="1.0" standalone="no"?>


<Project>
	<Tasks>
		<Task ActualStart="01/18/2001 09:00:00" ActualFinish="01/24/2001 17:00:00" PercentComplete="100.0" Name="Test11" PSObjectId="o2k00300000ecmruekn0000000">
			<Task ActualStart="01/19/2001 09:00:00" ActualFinish="01/23/2001 17:00:00" PercentComplete="100.0" Name="CP1" PSObjectId="o2k00300000ecmrutbhg000000"/>
			<Task ActualStart="01/18/2001 09:00:00" ActualFinish="01/18/2001 17:00:00" PercentComplete="100.0" Name="CP2" PSObjectId="o2k00300000ecmrvi6t0000000">
				<Relation PSObjectId="o2k00300000ecmrutbhg000000" Type="Finish-Start"/>
			</Task>
			<Task ActualStart="01/18/2001 09:00:00" ActualFinish="01/19/2001 17:00:00" PercentComplete="100.0" Name="CP4" PSObjectId="o2k00300000ecms1jkcg000000"/>
			<Task ActualStart="01/18/2001 09:00:00" ActualFinish="01/18/2001 17:00:00" PercentComplete="100.0" Name="CP3" PSObjectId="o2k00300000ecms0ccr0000000">
				<Relation PSObjectId="o2k00300000ecmrvi6t0000000" Type="Start-Start"/>
				<Relation PSObjectId="o2k00300000ecms1jkcg000000" Type="Start-Finish"/>
			</Task>
		</Task>
	</Tasks>
	<ResourcePool/>
</Project>