<Project>
	<Tasks>
		<Task ActualFinish="01/24/2001 12:00:00" ActualStart="01/16/2001 09:00:00" Name="Test Cases-One Date" PercentComplete="100.0" PSObjectId="o2k00380000eccj4pn9g000000">
			<Task ActualFinish="01/22/2001 17:00:00" ActualStart="01/22/2001 09:00:00"  Name="CP3" PercentComplete="100.0" PSObjectId="o2k00380000eccj909pg000000">
				<Relation PSObjectId="o2k00380000eccj80k50000000" Type="Start-Start"/>
				<Relation PSObjectId="o2k00380000eccj98hog000000" Type="Start-Finish"/>
			</Task>
			<Task ActualFinish="01/24/2001 12:00:00" ActualStart="01/22/2001 09:00:00" Name="CP1" PercentComplete="100.0" PSObjectId="o2k00380000eccj80k50000000"/>
			<Task ActualFinish="01/17/2001 12:00:00" ActualStart="01/16/2001 09:00:00" Name="CP2" PercentComplete="100.0" PSObjectId="o2k00380000eccj8bgp0000000">
				<Relation PSObjectId="o2k00380000eccj98hog000000" Type="Finish-Start"/>
			</Task>
			<Task ActualFinish="01/19/2001 17:00:00" ActualStart="01/17/2001 12:00:00" Name="CP4" PercentComplete="100.0" PSObjectId="o2k00380000eccj98hog000000"/>
		</Task>
	</Tasks>
	<ResourcePool/>
</Project>