<?xml version="1.0" standalone="no"?>


<Project>
	<Tasks>
		<Task ActualStart="01/19/2001 09:00:00" ActualFinish="01/23/2001 17:00:00" PercentComplete="100.0" Name="Test12" PSObjectId="o2k00300000ecmspe9ug000000">
			<Task ActualStart="01/19/2001 09:00:00" ActualFinish="01/23/2001 17:00:00" PercentComplete="100.0" Name="CP1" PSObjectId="o2k00300000ecmspvtdg000000">
				<Relation PSObjectId="o2k00300000ecmsr9atg000000" Type="Finish-Start"/>
			</Task>
			<Task ActualStart="01/23/2001 17:00:00" ActualFinish="01/23/2001 17:00:00" PercentComplete="100.0" Milestone="1" Name="CP2" PSObjectId="o2k00300000ecmsr9atg000000"/>
<!--			<Task Name="CP4" PSObjectId="o2k00300000ecmst6dtg000000"/>
			<Task Name="CP3" PSObjectId="o2k00300000ecmssjl70000000"/>
-->
		</Task>
	</Tasks>
	<ResourcePool/>
</Project>