<?xml version="1.0" standalone="no"?>


<Project>
	<Tasks>
		<Task ActualStart="01/19/2001 09:00:00" ActualFinish="01/23/2001 17:00:00" Name="Test13" PSObjectId="o2k00300000ecmtjfirg000000">
			<Task ActualStart="01/19/2001 09:00:00" ActualFinish="01/23/2001 17:00:00" Name="CP1"  PSObjectId="o2k00300000ecmtk425g000000">
				<Relation PSObjectId="o2k00300000ecmtktpmg000000" Type="Finish-Start"/>
			</Task>
			<Task Name="CP3" ActualStart="01/19/2001 09:00:00" ActualFinish="01/19/2001 17:00:00"  PSObjectId="o2k00280000eclmu4k7g000000"/>
			<Task ActualStart="01/23/2001 17:00:00" ActualFinish="01/23/2001 17:00:00" Milestone="1" Name="CP2" PSObjectId="o2k00300000ecmtktpmg000000"/>
		</Task>
	</Tasks>
	<ResourcePool/>
</Project>