<?xml version="1.0" standalone="no"?>


<Project>
	<Tasks>
		<Task Name="Test 30" Start="04/05/2002 09:00:00" Finish="04/17/2002 17:00:00"  PSObjectId="o2k00300000ecls6a5gg000000">
			<Task Name="CP1" Start="04/10/2002  09:00:00" Finish="04/22/2002 17:00:00" PSObjectId="o2k00300000ecls6jmfg000000"/>
		</Task>
	</Tasks>
	<Problems>
		<Problem Type="PARENT_CHILD_END_DESCR" PSObjectId="o2k00300000ecls6a5gg000000">
			<Recommendation Type="PARENT_CHILD_LATEST"/>
			<Recommendation Type="CHILD_PARENT_REMOVE"/>
			<Recommendation Type="PARENT_CHILD_END_ADJUST"/>
		</Problem>
	</Problems>	
</Project>
