<?xml version="1.0" standalone="no"?>


<Project>
	<Tasks>
		<Task ActualStart="01/16/2001 09:00:00" ActualFinish="01/26/2001 17:00:00" Name="Test 6" PSObjectId="o2k00380000ecdtkcq0g000000">
			<Task ActualStart="01/12/2001 09:00:00" ActualFinish="01/22/2001 17:00:00" Name="CP1" PSObjectId="o2k00380000ecdtkntc0000000"/>
			<Task ActualStart="01/23/2001 09:00:00" ActualFinish="01/26/2001 17:00:00" Name="CP2" PSObjectId="o2k00380000ecdtl8j8g000000"/>
		</Task>
	</Tasks>
	<ResourcePool/>
	<Problems>
		<Problem Type="PARENT_CHILD_END_DESCR" PSObjectId="o2k00380000ecdtkcq0g000000">
			<Recommendation Type="WORK_DUR_CHANGE"/>
		</Problem>
	</Problems>	
</Project>