<?xml version="1.0" standalone="no"?>


<Project>
	<Tasks>
		<Task Name="Test3" ActualStart="01/16/2001 09:00:00" ActualFinish="01/24/2001 15:00:00" PercentComplete="100.0" PSObjectId="o2k00300000eclsr0p90000000">
			<Task ActualStart="01/17/2001 15:00:00" ActualFinish="01/24/2001 15:00:00" PercentComplete="100.0" Name="CP3" PSObjectId="o2k00300000eclss7a50000000"/>
			<Task ActualStart="01/17/2001 09:00:00" ActualFinish="01/17/2001 15:00:00" PercentComplete="100.0" Name="CP2" PSObjectId="o2k00300000eclsrmfs0000000">
				<Relation PSObjectId="o2k00300000eclss7a50000000" Type="Finish-Start"/>
			</Task>
			<Task ActualStart="01/16/2001 09:00:00" ActualFinish="01/16/2001 17:00:00" PercentComplete="100.0" Name="CP1" PSObjectId="o2k00300000eclsr61b0000000">
				<Relation PSObjectId="o2k00300000eclsrmfs0000000" Type="Finish-Start"/>
			</Task>
		</Task>
	</Tasks>
	<ResourcePool/>
</Project>