<?xml version="1.0" standalone="no"?>


<Project>
	<Tasks>
		<Task Name="Test 8" PSObjectId="o2k00380000ecdt6mmkg000000">
			<Task Start="01/17/2001 09:00:00" Name="CP1" PSObjectId="o2k00380000ecdt713jg000000">
				<Relation PSObjectId="o2k00380000ecdt7mlbg000000" Type="Finish-Start"/>
			</Task>
			<Task Start="01/17/2001 09:00:00" Duration="1920" Name="CP2" PSObjectId="o2k00380000ecdt7dn5g000000"/>
			<Task Name="CP3" PSObjectId="o2k00380000ecdt7mlbg000000">
				<Relation PSObjectId="o2k00380000ecdt7dn5g000000" Type="Finish-Start"/>
			</Task>
		</Task>
	</Tasks>
	<ResourcePool/>
</Project>