<?xml version="1.0" standalone="no"?>


<Project>
	<Tasks>
		<Task Name="Test 17" ActualStart="12/11/2001 9:00:00" ActualFinish="05/03/2002 17:00:00" PSObjectId="o2k00380000ecdt6mmkg000000">
			<Task Name="CP1" ActualStart="12/14/2001 9:00:00" ActualFinish="03/27/2002 17:00:00" PSObjectId="o2k00380000masn713jg000000"/>
			<Task Name="CP2" ActualStart="12/11/2001 9:00:00" ActualFinish="03/27/2002 17:00:00" PSObjectId="o2k00380000mfjh713jg000000"/>
			<Task Name="CP4" ActualStart="04/01/2002 9:00:00" ActualFinish="05/03/2002 17:00:00" PSObjectId="o2k00380000ldhj13jg0000000"/>
		</Task>
	</Tasks>
	<ResourcePool/>
</Project>